[21 Mar 2019 14:58:53] Building database metadata model
[21 Mar 2019 14:58:53] Properties: {partialRefresh=false, processColumnsUsingSelect=, includePrimaryKeys=true, eventSocketClient=com.webratio.commons.net.EventSocketClient@14cc51c8, includeTables=true, username=root, outputLogPath=C:\WebRatio\WebRatio Community Platform 7.2.17.x64bit\workspace\EW_Parte1\.Temp~\DB.xml.log, readIndexes=null, driverClass=com.mysql.jdbc.Driver, includeSynonyms=true, metaDataProviderClass=com.webratio.commons.db.metadata.MySQLMetaDataProvider, outputPath=C:\WebRatio\WebRatio Community Platform 7.2.17.x64bit\workspace\EW_Parte1\.Temp~\DB.xml, schemaRegex=null, readProcedures=null, includeViews=true, derby.system.home=C:\WebRatio\WebRatio Community Platform 7.2.17.x64bit\workspace\.metadata\.plugins\com.webratio.commons.db\derby, url=jdbc:mysql://localhost:3306/ew_tp, tableRegex=null, readSQLDefinitions=true, includeForeignKeys=false, retrieveAllNames=false, tablesToRefresh=, eventSocketPort=52124}
[21 Mar 2019 14:58:53] URL: jdbc:mysql://localhost:3306/ew_tp
[21 Mar 2019 14:58:53] Product name: MySQL
[21 Mar 2019 14:58:53] Product version: 8.0.15
[21 Mar 2019 14:58:53] Driver name: MySQL Connector Java
[21 Mar 2019 14:58:53] Driver version: mysql-connector-java-5.1.47 ( Revision: fe1903b1ecb4a96a917f7ed3190d80c049b1de29 )
[21 Mar 2019 14:58:53] Driver major version: 5
[21 Mar 2019 14:58:53] Driver minor version: 1
[21 Mar 2019 14:58:53] Identifier quote string: 1
[21 Mar 2019 14:58:53] Retrieving schemas
[21 Mar 2019 14:58:53] Retrieving [TABLE, VIEW, SYNONYM] for schema ''
[21 Mar 2019 14:58:53]   Found 'aposta' [type = TABLE]
[21 Mar 2019 14:58:53]   Found 'aposta_evento' [type = TABLE]
[21 Mar 2019 14:58:53]   Found 'equipa' [type = TABLE]
[21 Mar 2019 14:58:53]   Found 'equipa_evento' [type = TABLE]
[21 Mar 2019 14:58:53]   Found 'evento' [type = TABLE]
[21 Mar 2019 14:58:53]   Found 'group' [type = TABLE]
[21 Mar 2019 14:58:53]   Found 'group_module' [type = TABLE]
[21 Mar 2019 14:58:53]   Found 'module' [type = TABLE]
[21 Mar 2019 14:58:53]   Found 'user' [type = TABLE]
[21 Mar 2019 14:58:53]   Found 'user_group' [type = TABLE]
[21 Mar 2019 14:58:53] Retrieving columns for 'aposta' [type = TABLE]
[21 Mar 2019 14:58:53]   Found column: oid [type = INT][SQL/XOPEN type = 4][size = 10][dec. digits = 0]
[21 Mar 2019 14:58:53]   Found column: resultado [type = VARCHAR][SQL/XOPEN type = 12][size = 255][dec. digits = 0]
[21 Mar 2019 14:58:53]   Found column: valor [type = DOUBLE][SQL/XOPEN type = 8][size = 22][dec. digits = 0]
[21 Mar 2019 14:58:53]   Found column: data [type = DATE][SQL/XOPEN type = 91][size = 10][dec. digits = 0]
[21 Mar 2019 14:58:53] Retrieving primary keys for 'aposta' [type = TABLE]
[21 Mar 2019 14:58:53]   Found primary key column: oid
[21 Mar 2019 14:58:53] Retrieving columns for 'aposta_evento' [type = TABLE]
[21 Mar 2019 14:58:53]   Found column: aposta_oid [type = INT][SQL/XOPEN type = 4][size = 10][dec. digits = 0]
[21 Mar 2019 14:58:53]   Found column: evento_oid [type = INT][SQL/XOPEN type = 4][size = 10][dec. digits = 0]
[21 Mar 2019 14:58:53] Retrieving primary keys for 'aposta_evento' [type = TABLE]
[21 Mar 2019 14:58:53]   Found primary key column: aposta_oid
[21 Mar 2019 14:58:53]   Found primary key column: evento_oid
[21 Mar 2019 14:58:53] Retrieving columns for 'equipa' [type = TABLE]
[21 Mar 2019 14:58:53]   Found column: oid [type = INT][SQL/XOPEN type = 4][size = 10][dec. digits = 0]
[21 Mar 2019 14:58:53]   Found column: nome [type = VARCHAR][SQL/XOPEN type = 12][size = 255][dec. digits = 0]
[21 Mar 2019 14:58:53] Retrieving primary keys for 'equipa' [type = TABLE]
[21 Mar 2019 14:58:53]   Found primary key column: oid
[21 Mar 2019 14:58:53] Retrieving columns for 'equipa_evento' [type = TABLE]
[21 Mar 2019 14:58:53]   Found column: equipa_oid [type = INT][SQL/XOPEN type = 4][size = 10][dec. digits = 0]
[21 Mar 2019 14:58:53]   Found column: evento_oid [type = INT][SQL/XOPEN type = 4][size = 10][dec. digits = 0]
[21 Mar 2019 14:58:53] Retrieving primary keys for 'equipa_evento' [type = TABLE]
[21 Mar 2019 14:58:53]   Found primary key column: equipa_oid
[21 Mar 2019 14:58:53]   Found primary key column: evento_oid
[21 Mar 2019 14:58:53] Retrieving columns for 'evento' [type = TABLE]
[21 Mar 2019 14:58:53]   Found column: oid [type = INT][SQL/XOPEN type = 4][size = 10][dec. digits = 0]
[21 Mar 2019 14:58:53]   Found column: odd1 [type = DOUBLE][SQL/XOPEN type = 8][size = 22][dec. digits = 0]
[21 Mar 2019 14:58:53]   Found column: oddx [type = DOUBLE][SQL/XOPEN type = 8][size = 22][dec. digits = 0]
[21 Mar 2019 14:58:53]   Found column: odd2 [type = DOUBLE][SQL/XOPEN type = 8][size = 22][dec. digits = 0]
[21 Mar 2019 14:58:53]   Found column: data [type = DATE][SQL/XOPEN type = 91][size = 10][dec. digits = 0]
[21 Mar 2019 14:58:53] Retrieving primary keys for 'evento' [type = TABLE]
[21 Mar 2019 14:58:53]   Found primary key column: oid
[21 Mar 2019 14:58:53] Retrieving columns for 'group' [type = TABLE]
[21 Mar 2019 14:58:53]   Found column: oid [type = INT][SQL/XOPEN type = 4][size = 10][dec. digits = 0]
[21 Mar 2019 14:58:53]   Found column: groupname [type = VARCHAR][SQL/XOPEN type = 12][size = 255][dec. digits = 0]
[21 Mar 2019 14:58:53]   Found column: module_oid [type = INT][SQL/XOPEN type = 4][size = 10][dec. digits = 0]
[21 Mar 2019 14:58:53] Retrieving primary keys for 'group' [type = TABLE]
[21 Mar 2019 14:58:53]   Found primary key column: oid
[21 Mar 2019 14:58:53] Retrieving columns for 'group_module' [type = TABLE]
[21 Mar 2019 14:58:53]   Found column: group_oid [type = INT][SQL/XOPEN type = 4][size = 10][dec. digits = 0]
[21 Mar 2019 14:58:53]   Found column: module_oid [type = INT][SQL/XOPEN type = 4][size = 10][dec. digits = 0]
[21 Mar 2019 14:58:53] Retrieving primary keys for 'group_module' [type = TABLE]
[21 Mar 2019 14:58:53]   Found primary key column: group_oid
[21 Mar 2019 14:58:53]   Found primary key column: module_oid
[21 Mar 2019 14:58:53] Retrieving columns for 'module' [type = TABLE]
[21 Mar 2019 14:58:53]   Found column: oid [type = INT][SQL/XOPEN type = 4][size = 10][dec. digits = 0]
[21 Mar 2019 14:58:53]   Found column: moduleid [type = VARCHAR][SQL/XOPEN type = 12][size = 255][dec. digits = 0]
[21 Mar 2019 14:58:53]   Found column: modulename [type = VARCHAR][SQL/XOPEN type = 12][size = 255][dec. digits = 0]
[21 Mar 2019 14:58:53] Retrieving primary keys for 'module' [type = TABLE]
[21 Mar 2019 14:58:53]   Found primary key column: oid
[21 Mar 2019 14:58:53] Retrieving columns for 'user' [type = TABLE]
[21 Mar 2019 14:58:53]   Found column: oid [type = INT][SQL/XOPEN type = 4][size = 10][dec. digits = 0]
[21 Mar 2019 14:58:53]   Found column: username [type = VARCHAR][SQL/XOPEN type = 12][size = 255][dec. digits = 0]
[21 Mar 2019 14:58:53]   Found column: password [type = VARCHAR][SQL/XOPEN type = 12][size = 255][dec. digits = 0]
[21 Mar 2019 14:58:53]   Found column: email [type = VARCHAR][SQL/XOPEN type = 12][size = 255][dec. digits = 0]
[21 Mar 2019 14:58:53]   Found column: group_oid [type = INT][SQL/XOPEN type = 4][size = 10][dec. digits = 0]
[21 Mar 2019 14:58:53] Retrieving primary keys for 'user' [type = TABLE]
[21 Mar 2019 14:58:53]   Found primary key column: oid
[21 Mar 2019 14:58:53] Retrieving columns for 'user_group' [type = TABLE]
[21 Mar 2019 14:58:53]   Found column: user_oid [type = INT][SQL/XOPEN type = 4][size = 10][dec. digits = 0]
[21 Mar 2019 14:58:53]   Found column: group_oid [type = INT][SQL/XOPEN type = 4][size = 10][dec. digits = 0]
[21 Mar 2019 14:58:53] Retrieving primary keys for 'user_group' [type = TABLE]
[21 Mar 2019 14:58:53]   Found primary key column: user_oid
[21 Mar 2019 14:58:53]   Found primary key column: group_oid
[21 Mar 2019 14:58:53] Database metadata retrieved (306 ms)
[21 Mar 2019 14:58:53] Retrieving auto-increment columns for 'aposta' [type = TABLE]
[21 Mar 2019 14:58:53] Retrieving auto-increment columns for 'aposta_evento' [type = TABLE]
[21 Mar 2019 14:58:53] Retrieving auto-increment columns for 'equipa' [type = TABLE]
[21 Mar 2019 14:58:53] Retrieving auto-increment columns for 'equipa_evento' [type = TABLE]
[21 Mar 2019 14:58:53] Retrieving auto-increment columns for 'evento' [type = TABLE]
[21 Mar 2019 14:58:53] Retrieving auto-increment columns for 'group' [type = TABLE]
[21 Mar 2019 14:58:53] Retrieving auto-increment columns for 'group_module' [type = TABLE]
[21 Mar 2019 14:58:53] Retrieving auto-increment columns for 'module' [type = TABLE]
[21 Mar 2019 14:58:53] Retrieving auto-increment columns for 'user' [type = TABLE]
[21 Mar 2019 14:58:53] Retrieving auto-increment columns for 'user_group' [type = TABLE]
[21 Mar 2019 14:58:53] Database connection closed
