[21 Mar 2019 14:58:48] DEBUG Executing SQL script
[21 Mar 2019 14:58:48] INFO ================================================================================
[21 Mar 2019 14:58:48] INFO onError= 'stop'
[21 Mar 2019 14:58:48] INFO autoCommit= 'false'
[21 Mar 2019 14:58:48] INFO username= 'root'
[21 Mar 2019 14:58:48] INFO outputPath= 'C:\WebRatio\WebRatio Community Platform 7.2.17.x64bit\workspace\EW_Parte1\.Temp~\UpdateSQL.xml'
[21 Mar 2019 14:58:48] INFO outputLogPath= 'C:\WebRatio\WebRatio Community Platform 7.2.17.x64bit\workspace\EW_Parte1\.Temp~\UpdateSQL.xml.log'
[21 Mar 2019 14:58:48] INFO encoding= ''
[21 Mar 2019 14:58:48] INFO driverClass= 'com.mysql.jdbc.Driver'
[21 Mar 2019 14:58:48] INFO sqlScript= 'C:\WebRatio\WebRatio Community Platform 7.2.17.x64bit\workspace\EW_Parte1\.Temp~\UpdateSQL.sql'
[21 Mar 2019 14:58:48] INFO eventSocketPort= '52119'
[21 Mar 2019 14:58:48] INFO statementSeparator= ';'
[21 Mar 2019 14:58:48] INFO derby.system.home= 'C:\WebRatio\WebRatio Community Platform 7.2.17.x64bit\workspace\.metadata\.plugins\com.webratio.commons.db\derby'
[21 Mar 2019 14:58:48] INFO password= 'pass'
[21 Mar 2019 14:58:48] INFO url= 'jdbc:mysql://localhost:3306/ew_tp'
[21 Mar 2019 14:58:48] INFO ================================================================================
[21 Mar 2019 14:58:48] INFO Connecting to the Database...
[21 Mar 2019 14:58:48] INFO Database connection estabilished
[21 Mar 2019 14:58:48] INFO transaction isolation: 4
[21 Mar 2019 14:58:48] DEBUG ================================================================================
[21 Mar 2019 14:58:48] DEBUG Executing SQL script file: C:\WebRatio\WebRatio Community Platform 7.2.17.x64bit\workspace\EW_Parte1\.Temp~\UpdateSQL.sql
[21 Mar 2019 14:58:48] DEBUG Executing statement:  create table `group` ( `oid`  integer  not null, `groupname`  varchar(255), primary key (`oid`) )
[21 Mar 2019 14:58:49] DEBUG Executing statement:    create table `module` ( `oid`  integer  not null, `moduleid`  varchar(255), `modulename`  varchar(255), primary key (`oid`) )
[21 Mar 2019 14:58:49] DEBUG Executing statement:    create table `user` ( `oid`  integer  not null, `username`  varchar(255), `password`  varchar(255), `email`  varchar(255), primary key (`oid`) )
[21 Mar 2019 14:58:49] DEBUG Executing statement:    create table `evento` ( `oid`  integer  not null, `odd1`  double precision, `oddx`  double precision, `odd2`  double precision, `data`  date, primary key (`oid`) )
[21 Mar 2019 14:58:49] DEBUG Executing statement:    create table `equipa` ( `oid`  integer  not null, `nome`  varchar(255), primary key (`oid`) )
[21 Mar 2019 14:58:49] DEBUG Executing statement:    create table `aposta` ( `oid`  integer  not null, `resultado`  varchar(255), `valor`  double precision, `data`  date, primary key (`oid`) )
[21 Mar 2019 14:58:49] DEBUG Executing statement:    alter table `group`  add column  `module_oid`  integer
[21 Mar 2019 14:58:49] DEBUG Executing statement:  alter table `group`   add index fk_group_module (`module_oid`), add constraint fk_group_module foreign key (`module_oid`) references `module` (`oid`)
[21 Mar 2019 14:58:49] DEBUG Executing statement:    create table `group_module` ( `group_oid`  integer not null, `module_oid`  integer not null, primary key (`group_oid`, `module_oid`) )
[21 Mar 2019 14:58:49] DEBUG Executing statement:  alter table `group_module`   add index fk_group_module_group (`group_oid`), add constraint fk_group_module_group foreign key (`group_oid`) references `group` (`oid`)
[21 Mar 2019 14:58:50] DEBUG Executing statement:  alter table `group_module`   add index fk_group_module_module (`module_oid`), add constraint fk_group_module_module foreign key (`module_oid`) references `module` (`oid`)
[21 Mar 2019 14:58:50] DEBUG Executing statement:    alter table `user`  add column  `group_oid`  integer
[21 Mar 2019 14:58:50] DEBUG Executing statement:  alter table `user`   add index fk_user_group (`group_oid`), add constraint fk_user_group foreign key (`group_oid`) references `group` (`oid`)
[21 Mar 2019 14:58:50] DEBUG Executing statement:    create table `user_group` ( `user_oid`  integer not null, `group_oid`  integer not null, primary key (`user_oid`, `group_oid`) )
[21 Mar 2019 14:58:50] DEBUG Executing statement:  alter table `user_group`   add index fk_user_group_user (`user_oid`), add constraint fk_user_group_user foreign key (`user_oid`) references `user` (`oid`)
[21 Mar 2019 14:58:50] DEBUG Executing statement:  alter table `user_group`   add index fk_user_group_group (`group_oid`), add constraint fk_user_group_group foreign key (`group_oid`) references `group` (`oid`)
[21 Mar 2019 14:58:51] DEBUG Executing statement:    create table `equipa_evento` ( `equipa_oid`  integer not null, `evento_oid`  integer not null, primary key (`equipa_oid`, `evento_oid`) )
[21 Mar 2019 14:58:51] DEBUG Executing statement:  alter table `equipa_evento`   add index fk_equipa_evento_equipa (`equipa_oid`), add constraint fk_equipa_evento_equipa foreign key (`equipa_oid`) references `equipa` (`oid`)
[21 Mar 2019 14:58:51] DEBUG Executing statement:  alter table `equipa_evento`   add index fk_equipa_evento_evento (`evento_oid`), add constraint fk_equipa_evento_evento foreign key (`evento_oid`) references `evento` (`oid`)
[21 Mar 2019 14:58:51] DEBUG Executing statement:    create table `aposta_evento` ( `aposta_oid`  integer not null, `evento_oid`  integer not null, primary key (`aposta_oid`, `evento_oid`) )
[21 Mar 2019 14:58:51] DEBUG Executing statement:  alter table `aposta_evento`   add index fk_aposta_evento_aposta (`aposta_oid`), add constraint fk_aposta_evento_aposta foreign key (`aposta_oid`) references `aposta` (`oid`)
[21 Mar 2019 14:58:51] DEBUG Executing statement:  alter table `aposta_evento`   add index fk_aposta_evento_evento (`evento_oid`), add constraint fk_aposta_evento_evento foreign key (`evento_oid`) references `evento` (`oid`)
[21 Mar 2019 14:58:51] DEBUG ================================================================================
[21 Mar 2019 14:58:51] DEBUG SQL SCRIPT SUCCESSFULLY EXECUTED
[21 Mar 2019 14:58:51] INFO Database connection closed
[21 Mar 2019 14:58:51] DEBUG Total time: 3698 milliseconds
